<?xml version="1.0" encoding="UTF-8"?>
<testng-results skipped="5" failed="0" total="5" passed="0">
  <reporter-output>
  </reporter-output>
  <suite name="FindingHospitalss" duration-ms="10536" started-at="2022-01-21T03:24:13Z" finished-at="2022-01-21T03:24:24Z">
    <groups>
      <group name="smoke">
        <method signature="TestCases.CaptureAlert()[pri:5, instance:TestSuites.TestCases@6737fd8f]" name="CaptureAlert" class="TestSuites.TestCases"/>
        <method signature="TestCases.TopCities()[pri:3, instance:TestSuites.TestCases@6737fd8f]" name="TopCities" class="TestSuites.TestCases"/>
        <method signature="TestCases.hospitalNames()[pri:1, instance:TestSuites.TestCases@6737fd8f]" name="hospitalNames" class="TestSuites.TestCases"/>
        <method signature="TestCases.navigateBack()[pri:4, instance:TestSuites.TestCases@6737fd8f]" name="navigateBack" class="TestSuites.TestCases"/>
        <method signature="TestCases.navigateToHome()[pri:2, instance:TestSuites.TestCases@6737fd8f]" name="navigateToHome" class="TestSuites.TestCases"/>
      </group> <!-- smoke -->
      <group name="Regression">
        <method signature="TestCases.CaptureAlert()[pri:5, instance:TestSuites.TestCases@6737fd8f]" name="CaptureAlert" class="TestSuites.TestCases"/>
        <method signature="TestCases.TopCities()[pri:3, instance:TestSuites.TestCases@6737fd8f]" name="TopCities" class="TestSuites.TestCases"/>
        <method signature="TestCases.hospitalNames()[pri:1, instance:TestSuites.TestCases@6737fd8f]" name="hospitalNames" class="TestSuites.TestCases"/>
        <method signature="TestCases.navigateBack()[pri:4, instance:TestSuites.TestCases@6737fd8f]" name="navigateBack" class="TestSuites.TestCases"/>
        <method signature="TestCases.navigateToHome()[pri:2, instance:TestSuites.TestCases@6737fd8f]" name="navigateToHome" class="TestSuites.TestCases"/>
      </group> <!-- Regression -->
    </groups>
    <test name="SeleniumTesting" duration-ms="10536" started-at="2022-01-21T03:24:13Z" finished-at="2022-01-21T03:24:24Z">
      <class name="TestSuites.TestCases">
        <test-method status="FAIL" signature="invokeBrowse()[pri:0, instance:TestSuites.TestCases@6737fd8f]" name="invokeBrowse" is-config="true" duration-ms="0" started-at="2022-01-21T08:54:13Z" finished-at="2022-01-21T08:54:13Z">
          <exception class="org.openqa.selenium.NoSuchWindowException">
            <message>
              <![CDATA[no such window: target window already closed
from unknown error: web view not found
  (Session info: chrome=95.0.4638.69)
Build info: version: '3.141.59', revision: 'e82be7d358', time: '2018-11-14T08:17:03'
System info: host: 'LTIN180139', ip: '192.168.0.176', os.name: 'Windows 10', os.arch: 'amd64', os.version: '10.0', java.version: '1.8.0_181'
Driver info: org.openqa.selenium.chrome.ChromeDriver
Capabilities {acceptInsecureCerts: false, browserName: chrome, browserVersion: 95.0.4638.69, chrome: {chromedriverVersion: 95.0.4638.69 (6a1600ed572fe..., userDataDir: C:\Users\2080166\AppData\Lo...}, goog:chromeOptions: {debuggerAddress: localhost:56507}, javascriptEnabled: true, networkConnectionEnabled: false, pageLoadStrategy: normal, platform: WINDOWS, platformName: WINDOWS, proxy: Proxy(), setWindowRect: true, strictFileInteractability: false, timeouts: {implicit: 0, pageLoad: 300000, script: 30000}, unhandledPromptBehavior: dismiss and notify, webauthn:extension:credBlob: true, webauthn:extension:largeBlob: true, webauthn:virtualAuthenticators: true}
Session ID: 781da2c279ca60094d0a4fd84ea3fb2a]]>
            </message>
            <full-stacktrace>
              <![CDATA[org.openqa.selenium.NoSuchWindowException: no such window: target window already closed
from unknown error: web view not found
  (Session info: chrome=95.0.4638.69)
Build info: version: '3.141.59', revision: 'e82be7d358', time: '2018-11-14T08:17:03'
System info: host: 'LTIN180139', ip: '192.168.0.176', os.name: 'Windows 10', os.arch: 'amd64', os.version: '10.0', java.version: '1.8.0_181'
Driver info: org.openqa.selenium.chrome.ChromeDriver
Capabilities {acceptInsecureCerts: false, browserName: chrome, browserVersion: 95.0.4638.69, chrome: {chromedriverVersion: 95.0.4638.69 (6a1600ed572fe..., userDataDir: C:\Users\2080166\AppData\Lo...}, goog:chromeOptions: {debuggerAddress: localhost:56507}, javascriptEnabled: true, networkConnectionEnabled: false, pageLoadStrategy: normal, platform: WINDOWS, platformName: WINDOWS, proxy: Proxy(), setWindowRect: true, strictFileInteractability: false, timeouts: {implicit: 0, pageLoad: 300000, script: 30000}, unhandledPromptBehavior: dismiss and notify, webauthn:extension:credBlob: true, webauthn:extension:largeBlob: true, webauthn:virtualAuthenticators: true}
Session ID: 781da2c279ca60094d0a4fd84ea3fb2a
	at sun.reflect.NativeConstructorAccessorImpl.newInstance0(Native Method)
	at sun.reflect.NativeConstructorAccessorImpl.newInstance(Unknown Source)
	at sun.reflect.DelegatingConstructorAccessorImpl.newInstance(Unknown Source)
	at java.lang.reflect.Constructor.newInstance(Unknown Source)
	at org.openqa.selenium.remote.http.W3CHttpResponseCodec.createException(W3CHttpResponseCodec.java:187)
	at org.openqa.selenium.remote.http.W3CHttpResponseCodec.decode(W3CHttpResponseCodec.java:122)
	at org.openqa.selenium.remote.http.W3CHttpResponseCodec.decode(W3CHttpResponseCodec.java:49)
	at org.openqa.selenium.remote.HttpCommandExecutor.execute(HttpCommandExecutor.java:158)
	at org.openqa.selenium.remote.service.DriverCommandExecutor.execute(DriverCommandExecutor.java:83)
	at org.openqa.selenium.remote.RemoteWebDriver.execute(RemoteWebDriver.java:552)
	at org.openqa.selenium.remote.RemoteWebDriver.execute(RemoteWebDriver.java:609)
	at org.openqa.selenium.remote.RemoteWebDriver.getTitle(RemoteWebDriver.java:281)
	at com.selenium.Base.Base.openURL(Base.java:159)
	at TestSuites.TestCases.invokeBrowse(TestCases.java:25)
	at sun.reflect.NativeMethodAccessorImpl.invoke0(Native Method)
	at sun.reflect.NativeMethodAccessorImpl.invoke(Unknown Source)
	at sun.reflect.DelegatingMethodAccessorImpl.invoke(Unknown Source)
	at java.lang.reflect.Method.invoke(Unknown Source)
	at org.testng.internal.MethodInvocationHelper.invokeMethod(MethodInvocationHelper.java:86)
	at org.testng.internal.Invoker.invokeConfigurationMethod(Invoker.java:514)
	at org.testng.internal.Invoker.invokeConfigurations(Invoker.java:215)
	at org.testng.internal.Invoker.invokeConfigurations(Invoker.java:142)
	at org.testng.TestRunner.beforeRun(TestRunner.java:656)
	at org.testng.TestRunner.run(TestRunner.java:624)
	at org.testng.SuiteRunner.runTest(SuiteRunner.java:366)
	at org.testng.SuiteRunner.runSequentially(SuiteRunner.java:361)
	at org.testng.SuiteRunner.privateRun(SuiteRunner.java:319)
	at org.testng.SuiteRunner.run(SuiteRunner.java:268)
	at org.testng.SuiteRunnerWorker.runSuite(SuiteRunnerWorker.java:52)
	at org.testng.SuiteRunnerWorker.run(SuiteRunnerWorker.java:86)
	at org.testng.TestNG.runSuitesSequentially(TestNG.java:1244)
	at org.testng.TestNG.runSuitesLocally(TestNG.java:1169)
	at org.testng.TestNG.run(TestNG.java:1064)
	at org.testng.remote.RemoteTestNG.run(RemoteTestNG.java:113)
	at org.testng.remote.RemoteTestNG.initAndRun(RemoteTestNG.java:206)
	at org.testng.remote.RemoteTestNG.main(RemoteTestNG.java:177)
]]>
            </full-stacktrace>
          </exception> <!-- org.openqa.selenium.NoSuchWindowException -->
          <reporter-output>
          </reporter-output>
        </test-method> <!-- invokeBrowse -->
        <test-method status="SKIP" signature="hospitalNames()[pri:1, instance:TestSuites.TestCases@6737fd8f]" name="hospitalNames" duration-ms="1" started-at="2022-01-21T08:54:24Z" finished-at="2022-01-21T08:54:24Z">
          <reporter-output>
          </reporter-output>
        </test-method> <!-- hospitalNames -->
        <test-method status="SKIP" signature="navigateToHome()[pri:2, instance:TestSuites.TestCases@6737fd8f]" name="navigateToHome" duration-ms="1" started-at="2022-01-21T08:54:24Z" finished-at="2022-01-21T08:54:24Z">
          <reporter-output>
          </reporter-output>
        </test-method> <!-- navigateToHome -->
        <test-method status="SKIP" signature="TopCities()[pri:3, instance:TestSuites.TestCases@6737fd8f]" name="TopCities" duration-ms="1" started-at="2022-01-21T08:54:24Z" finished-at="2022-01-21T08:54:24Z">
          <reporter-output>
          </reporter-output>
        </test-method> <!-- TopCities -->
        <test-method status="SKIP" signature="navigateBack()[pri:4, instance:TestSuites.TestCases@6737fd8f]" name="navigateBack" duration-ms="1" started-at="2022-01-21T08:54:24Z" finished-at="2022-01-21T08:54:24Z">
          <reporter-output>
          </reporter-output>
        </test-method> <!-- navigateBack -->
        <test-method status="SKIP" signature="CaptureAlert()[pri:5, instance:TestSuites.TestCases@6737fd8f]" name="CaptureAlert" duration-ms="6" started-at="2022-01-21T08:54:24Z" finished-at="2022-01-21T08:54:24Z">
          <reporter-output>
          </reporter-output>
        </test-method> <!-- CaptureAlert -->
      </class> <!-- TestSuites.TestCases -->
    </test> <!-- SeleniumTesting -->
  </suite> <!-- FindingHospitalss -->
</testng-results>
