<?xml version="1.0" encoding="UTF-8"?>
<!-- Generated by org.testng.reporters.JUnitXMLReporter -->
<testsuite hostname="LTIN180139" name="Default test" tests="5" failures="0" timestamp="20 Jan 2022 16:57:51 GMT" time="4988.997" errors="0">
  <testcase name="hospitalNames" time="52.849" classname="TestSuites.TestCases"/>
  <testcase name="navigateToHome" time="1.757" classname="TestSuites.TestCases"/>
  <testcase name="TopCities" time="2.849" classname="TestSuites.TestCases"/>
  <testcase name="navigateBack" time="0.426" classname="TestSuites.TestCases"/>
  <testcase name="CaptureAlert" time="4920.279" classname="TestSuites.TestCases"/>
</testsuite> <!-- Default test -->
